SF:lib/core/error/failures.dart
DA:6,4
DA:8,3
DA:9,3
LF:3
LH:3
end_of_record
SF:lib/core/usecases/usecase.dart
DA:15,2
DA:16,2
LF:2
LH:2
end_of_record
SF:lib/data/datasources/remote/api_service.g.dart
DA:12,1
DA:13,1
DA:22,1
DA:24,1
DA:25,1
DA:26,1
DA:28,0
DA:29,1
DA:30,0
DA:31,2
DA:36,0
DA:38,0
DA:42,0
DA:43,0
DA:44,0
DA:46,0
DA:52,0
DA:53,0
DA:54,0
DA:55,0
DA:56,0
DA:57,0
DA:59,0
DA:65,0
DA:66,0
DA:70,0
DA:72,0
DA:73,0
DA:76,0
LF:29
LH:8
end_of_record
SF:lib/data/models/post_model.dart
DA:8,2
DA:13,2
DA:15,1
DA:16,1
DA:18,2
LF:5
LH:5
end_of_record
SF:lib/data/models/post_model.g.dart
DA:9,2
DA:10,2
DA:11,2
DA:12,1
DA:13,1
DA:16,2
DA:17,1
DA:18,1
DA:19,1
DA:20,1
LF:10
LH:10
end_of_record
SF:lib/domain/entities/post.dart
DA:9,2
DA:16,3
DA:17,15
LF:3
LH:3
end_of_record
SF:lib/domain/usecases/get_posts_use_case.dart
DA:13,1
DA:15,1
DA:17,2
LF:3
LH:3
end_of_record
SF:lib/core/network/error_interceptor.dart
DA:8,0
DA:11,0
DA:14,0
DA:15,0
DA:16,0
DA:17,0
DA:18,0
DA:20,0
DA:21,0
DA:22,0
DA:25,0
DA:26,0
DA:28,0
DA:29,0
DA:31,0
DA:32,0
DA:34,0
DA:35,0
DA:40,0
DA:44,0
DA:45,0
DA:46,0
DA:47,0
DA:48,0
DA:49,0
DA:50,0
DA:51,0
DA:52,0
DA:53,0
DA:54,0
DA:55,0
DA:56,0
DA:57,0
DA:60,0
DA:61,0
DA:62,0
DA:63,0
DA:64,0
DA:65,0
LF:39
LH:0
end_of_record
SF:lib/core/network/header_interceptor.dart
DA:8,0
DA:11,0
DA:13,0
DA:15,0
LF:4
LH:0
end_of_record
SF:lib/data/repositories/post_repository_impl.dart
DA:39,1
DA:54,1
DA:60,2
DA:68,1
DA:69,1
DA:72,3
DA:73,2
DA:76,0
DA:77,0
LF:9
LH:7
end_of_record
SF:lib/di/register_module.dart
DA:11,0
DA:16,0
DA:17,0
DA:33,0
DA:35,0
LF:5
LH:0
end_of_record
SF:lib/presentation/bloc/post_state.dart
DA:4,2
DA:6,1
DA:7,1
DA:17,1
DA:19,1
DA:20,2
DA:26,1
DA:28,1
DA:29,2
LF:9
LH:9
end_of_record
SF:lib/presentation/bloc/post_event.dart
DA:4,1
DA:6,1
DA:7,1
LF:3
LH:3
end_of_record
SF:lib/presentation/bloc/post_bloc.dart
DA:25,3
DA:26,2
DA:27,2
DA:29,3
DA:30,1
DA:31,4
DA:32,3
DA:37,1
DA:38,1
DA:39,1
DA:41,1
DA:43,1
LF:12
LH:12
end_of_record
SF:lib/di/injection_container.dart
DA:5,6
DA:7,0
DA:10,0
LF:3
LH:1
end_of_record
SF:lib/main.dart
DA:6,0
DA:7,0
DA:8,0
DA:9,0
DA:13,1
DA:15,1
DA:17,1
DA:21,1
LF:8
LH:4
end_of_record
SF:lib/presentation/pages/posts_page.dart
DA:10,1
DA:12,2
DA:14,2
DA:15,6
DA:16,2
DA:17,4
DA:18,2
DA:19,2
DA:21,8
DA:26,4
DA:28,2
DA:29,2
DA:31,2
DA:32,0
DA:33,0
DA:38,0
DA:39,0
DA:48,2
DA:50,2
DA:51,0
DA:52,0
DA:55,0
DA:57,0
DA:58,0
DA:59,0
DA:60,0
DA:68,2
DA:69,2
DA:70,2
DA:71,2
DA:72,2
DA:73,2
DA:75,6
DA:81,2
DA:82,0
DA:83,0
DA:84,0
DA:86,0
DA:88,0
LF:39
LH:23
end_of_record
SF:lib/presentation/widgets/posts_list_widget.dart
DA:7,0
DA:9,0
DA:11,0
DA:12,0
DA:13,0
DA:14,0
DA:15,0
DA:16,0
DA:17,0
DA:18,0
LF:10
LH:0
end_of_record
SF:lib/presentation/widgets/loading_widget.dart
DA:4,1
DA:6,0
LF:2
LH:1
end_of_record
SF:lib/presentation/widgets/message_display.dart
DA:6,1
DA:8,0
DA:10,0
DA:11,0
DA:12,0
DA:13,0
LF:6
LH:1
end_of_record
